<?xml version="1.0" encoding="UTF-8"?>
<!-- Generated by org.testng.reporters.JUnitXMLReporter -->
<testsuite ignored="0" hostname="LTIN509369" failures="0" tests="9" name="edge test" time="170.913" errors="0" timestamp="2024-03-31T16:24:03 IST">
  <testcase classname="testCases.Main" name="testUserInfo" time="22.87"/>
  <testcase classname="testCases.Main" name="testHeaderList" time="115.827"/>
  <testcase classname="testCases.Main" name="testEthicsAndComplianceVisibility" time="2.579"/>
  <testcase classname="testCases.Main" name="testnavigation" time="2.157"/>
  <testcase classname="testCases.Main" name="testResourcesOrLinkValidity" time="1.867"/>
  <testcase classname="testCases.Main" name="testprintInformation" time="0.394"/>
  <testcase classname="testCases.Main" name="testPageInformationValidity" time="0.036"/>
  <testcase classname="testCases.Main" name="testPagetInformation" time="0.263"/>
  <testcase classname="testCases.Main" name="testexcel" time="1.599"/>
</testsuite> <!-- edge test -->
