<?xml version="1.0" encoding="UTF-8"?>
<testng-results ignored="0" total="8" passed="8" failed="0" skipped="0">
  <reporter-output>
  </reporter-output>
  <suite started-at="2024-04-02T17:39:08 IST" name="Suite" finished-at="2024-04-02T17:41:54 IST" duration-ms="166646">
    <groups>
      <group name="functional">
        <method signature="Main.testUserInfo()[pri:1, instance:testCases.Main@6c8bca63]" name="testUserInfo" class="testCases.Main"/>
        <method signature="Main.testEthicsAndComplianceVisibility()[pri:3, instance:testCases.Main@6c8bca63]" name="testEthicsAndComplianceVisibility" class="testCases.Main"/>
        <method signature="Main.testnavigation()[pri:4, instance:testCases.Main@6c8bca63]" name="testnavigation" class="testCases.Main"/>
        <method signature="Main.testResourcesOrLinkValidity()[pri:5, instance:testCases.Main@6c8bca63]" name="testResourcesOrLinkValidity" class="testCases.Main"/>
        <method signature="Main.testprintInformation()[pri:6, instance:testCases.Main@6c8bca63]" name="testprintInformation" class="testCases.Main"/>
        <method signature="Main.testPageInformationValidity()[pri:7, instance:testCases.Main@6c8bca63]" name="testPageInformationValidity" class="testCases.Main"/>
        <method signature="Main.testPagetInformation()[pri:8, instance:testCases.Main@6c8bca63]" name="testPagetInformation" class="testCases.Main"/>
      </group> <!-- functional -->
      <group name="sanity">
        <method signature="Main.testUserInfo()[pri:1, instance:testCases.Main@6c8bca63]" name="testUserInfo" class="testCases.Main"/>
        <method signature="Main.testHeaderList()[pri:2, instance:testCases.Main@6c8bca63]" name="testHeaderList" class="testCases.Main"/>
      </group> <!-- sanity -->
      <group name="master">
        <method signature="Main.testUserInfo()[pri:1, instance:testCases.Main@6c8bca63]" name="testUserInfo" class="testCases.Main"/>
        <method signature="Main.testHeaderList()[pri:2, instance:testCases.Main@6c8bca63]" name="testHeaderList" class="testCases.Main"/>
        <method signature="Main.testEthicsAndComplianceVisibility()[pri:3, instance:testCases.Main@6c8bca63]" name="testEthicsAndComplianceVisibility" class="testCases.Main"/>
        <method signature="Main.testnavigation()[pri:4, instance:testCases.Main@6c8bca63]" name="testnavigation" class="testCases.Main"/>
        <method signature="Main.testResourcesOrLinkValidity()[pri:5, instance:testCases.Main@6c8bca63]" name="testResourcesOrLinkValidity" class="testCases.Main"/>
        <method signature="Main.testprintInformation()[pri:6, instance:testCases.Main@6c8bca63]" name="testprintInformation" class="testCases.Main"/>
        <method signature="Main.testPageInformationValidity()[pri:7, instance:testCases.Main@6c8bca63]" name="testPageInformationValidity" class="testCases.Main"/>
        <method signature="Main.testPagetInformation()[pri:8, instance:testCases.Main@6c8bca63]" name="testPagetInformation" class="testCases.Main"/>
      </group> <!-- master -->
    </groups>
    <test started-at="2024-04-02T17:39:08 IST" name="chrome test" finished-at="2024-04-02T17:41:54 IST" duration-ms="166646">
      <class name="testCases.Main">
        <test-method is-config="true" signature="setUp(java.lang.String)[pri:0, instance:testCases.Main@6c8bca63]" started-at="2024-04-02T17:39:08 IST" name="setUp" finished-at="2024-04-02T17:39:16 IST" duration-ms="7840" status="PASS">
          <params>
            <param index="0">
              <value>
                <![CDATA[chrome]]>
              </value>
            </param>
          </params>
          <reporter-output>
          </reporter-output>
        </test-method> <!-- setUp -->
        <test-method signature="testUserInfo()[pri:1, instance:testCases.Main@6c8bca63]" started-at="2024-04-02T17:39:16 IST" name="testUserInfo" finished-at="2024-04-02T17:39:38 IST" duration-ms="22242" status="PASS">
          <reporter-output>
          </reporter-output>
        </test-method> <!-- testUserInfo -->
        <test-method signature="testHeaderList()[pri:2, instance:testCases.Main@6c8bca63]" started-at="2024-04-02T17:39:39 IST" name="testHeaderList" finished-at="2024-04-02T17:41:32 IST" duration-ms="113665" status="PASS">
          <reporter-output>
          </reporter-output>
        </test-method> <!-- testHeaderList -->
        <test-method signature="testEthicsAndComplianceVisibility()[pri:3, instance:testCases.Main@6c8bca63]" started-at="2024-04-02T17:41:33 IST" name="testEthicsAndComplianceVisibility" finished-at="2024-04-02T17:41:35 IST" duration-ms="2292" status="PASS">
          <reporter-output>
          </reporter-output>
        </test-method> <!-- testEthicsAndComplianceVisibility -->
        <test-method signature="testnavigation()[pri:4, instance:testCases.Main@6c8bca63]" started-at="2024-04-02T17:41:35 IST" name="testnavigation" finished-at="2024-04-02T17:41:36 IST" depends-on-methods="testCases.Main.testEthicsAndComplianceVisibility" duration-ms="1112" status="PASS">
          <reporter-output>
          </reporter-output>
        </test-method> <!-- testnavigation -->
        <test-method signature="testResourcesOrLinkValidity()[pri:5, instance:testCases.Main@6c8bca63]" started-at="2024-04-02T17:41:38 IST" name="testResourcesOrLinkValidity" finished-at="2024-04-02T17:41:41 IST" depends-on-methods="testCases.Main.testnavigation" duration-ms="2191" status="PASS">
          <reporter-output>
          </reporter-output>
        </test-method> <!-- testResourcesOrLinkValidity -->
        <test-method signature="testprintInformation()[pri:6, instance:testCases.Main@6c8bca63]" started-at="2024-04-02T17:41:41 IST" name="testprintInformation" finished-at="2024-04-02T17:41:41 IST" depends-on-methods="testCases.Main.testnavigation, testCases.Main.testResourcesOrLinkValidity" duration-ms="219" status="PASS">
          <reporter-output>
          </reporter-output>
        </test-method> <!-- testprintInformation -->
        <test-method signature="testPageInformationValidity()[pri:7, instance:testCases.Main@6c8bca63]" started-at="2024-04-02T17:41:41 IST" name="testPageInformationValidity" finished-at="2024-04-02T17:41:41 IST" depends-on-methods="testCases.Main.testnavigation" duration-ms="30" status="PASS">
          <reporter-output>
          </reporter-output>
        </test-method> <!-- testPageInformationValidity -->
        <test-method signature="testPagetInformation()[pri:8, instance:testCases.Main@6c8bca63]" started-at="2024-04-02T17:41:41 IST" name="testPagetInformation" finished-at="2024-04-02T17:41:42 IST" depends-on-methods="testCases.Main.testPageInformationValidity, testCases.Main.testnavigation" duration-ms="76" status="PASS">
          <reporter-output>
          </reporter-output>
        </test-method> <!-- testPagetInformation -->
        <test-method is-config="true" signature="tearDown()[pri:0, instance:testCases.Main@6c8bca63]" started-at="2024-04-02T17:41:42 IST" name="tearDown" finished-at="2024-04-02T17:41:54 IST" duration-ms="12583" status="PASS">
          <reporter-output>
          </reporter-output>
        </test-method> <!-- tearDown -->
      </class> <!-- testCases.Main -->
    </test> <!-- chrome test -->
  </suite> <!-- Suite -->
</testng-results>
